2023-09-19 15:24:45,784 [Worker-4: Loading available Gradle versions] INFO  o.e.b.c.i.u.g.PublishedGradleVersions - Gradle version information cache is up-to-date. Trying to read.
2023-09-19 15:26:59,457 [Worker-31: Updating Maven Dependencies] INFO  o.e.m.c.i.l.LifecycleMappingFactory - Using org.eclipse.m2e.jdt.JarLifecycleMapping lifecycle mapping for MavenProject: com.example.demo:spring-boot-security-jwt-mongodb:0.0.1-SNAPSHOT @ C:\handson\spring security mock\BusTicketBookingApp\pom.xml.
2023-09-19 15:26:59,519 [Worker-2: Building] INFO  o.e.m.c.i.l.LifecycleMappingFactory - Using org.eclipse.m2e.jdt.JarLifecycleMapping lifecycle mapping for MavenProject: com.example.demo:spring-boot-security-jwt-mongodb:0.0.1-SNAPSHOT @ C:\handson\spring security mock\BusTicketBookingApp\pom.xml.
2023-09-19 15:27:01,821 [Worker-2: Building] INFO  o.a.m.s.f.DefaultMavenResourcesFiltering - Copying 1 resource from src\main\resources to target\classes
2023-09-19 15:27:01,852 [Worker-2: Building] INFO  o.a.m.s.f.DefaultMavenResourcesFiltering - Copying 0 resource from src\main\resources to target\classes
2023-09-19 15:27:01,859 [Worker-2: Building] INFO  o.a.m.s.f.DefaultMavenResourcesFiltering - skip non existing resourceDirectory C:\handson\spring security mock\BusTicketBookingApp\src\test\resources
2023-09-19 15:27:04,692 [Worker-32: Building] INFO  o.a.m.s.f.DefaultMavenResourcesFiltering - Copying 1 resource from src\main\resources to target\classes
2023-09-19 15:27:04,740 [Worker-32: Building] INFO  o.a.m.s.f.DefaultMavenResourcesFiltering - Copying 0 resource from src\main\resources to target\classes
2023-09-19 15:27:04,879 [Worker-32: Building] INFO  o.a.m.s.f.DefaultMavenResourcesFiltering - skip non existing resourceDirectory C:\handson\spring security mock\BusTicketBookingApp\src\test\resources
2023-09-19 15:27:04,881 [Worker-31: Updating Maven Dependencies] INFO  o.e.m.c.i.l.LifecycleMappingFactory - Using org.eclipse.m2e.jdt.JarLifecycleMapping lifecycle mapping for MavenProject: com.example.demo:spring-boot-security-jwt-mongodb:0.0.1-SNAPSHOT @ C:\handson\spring security mock\BusTicketBookingApp\pom.xml.
2023-09-19 15:27:06,350 [Worker-2: Building] INFO  o.a.m.s.f.DefaultMavenResourcesFiltering - Copying 0 resource from src\main\resources to target\classes
2023-09-19 15:27:06,351 [Worker-2: Building] INFO  o.a.m.s.f.DefaultMavenResourcesFiltering - Copying 0 resource from src\main\resources to target\classes
2023-09-19 15:27:06,357 [Worker-2: Building] INFO  o.a.m.s.f.DefaultMavenResourcesFiltering - skip non existing resourceDirectory C:\handson\spring security mock\BusTicketBookingApp\src\test\resources
2023-09-19 15:34:40,014 [Worker-34: Building] INFO  o.a.m.s.f.DefaultMavenResourcesFiltering - Copying 1 resource from src\main\resources to target\classes
2023-09-19 15:34:40,032 [Worker-34: Building] INFO  o.a.m.s.f.DefaultMavenResourcesFiltering - Copying 0 resource from src\main\resources to target\classes
2023-09-19 15:34:40,041 [Worker-34: Building] INFO  o.a.m.s.f.DefaultMavenResourcesFiltering - skip non existing resourceDirectory C:\handson\spring security mock\BusTicketBookingApp\src\test\resources
2023-09-19 15:35:55,673 [Worker-35: Building] INFO  o.a.m.s.f.DefaultMavenResourcesFiltering - Copying 1 resource from src\main\resources to target\classes
2023-09-19 15:35:55,687 [Worker-35: Building] INFO  o.a.m.s.f.DefaultMavenResourcesFiltering - Copying 0 resource from src\main\resources to target\classes
2023-09-19 15:35:55,696 [Worker-35: Building] INFO  o.a.m.s.f.DefaultMavenResourcesFiltering - skip non existing resourceDirectory C:\handson\spring security mock\BusTicketBookingApp\src\test\resources
2023-09-19 15:36:56,300 [Worker-34: Building] INFO  o.a.m.s.f.DefaultMavenResourcesFiltering - Copying 1 resource from src\main\resources to target\classes
2023-09-19 15:36:56,311 [Worker-34: Building] INFO  o.a.m.s.f.DefaultMavenResourcesFiltering - Copying 0 resource from src\main\resources to target\classes
2023-09-19 15:36:56,319 [Worker-34: Building] INFO  o.a.m.s.f.DefaultMavenResourcesFiltering - skip non existing resourceDirectory C:\handson\spring security mock\BusTicketBookingApp\src\test\resources
2023-09-19 15:37:36,598 [Worker-36: Building] INFO  o.a.m.s.f.DefaultMavenResourcesFiltering - Copying 1 resource from src\main\resources to target\classes
2023-09-19 15:37:36,638 [Worker-36: Building] INFO  o.a.m.s.f.DefaultMavenResourcesFiltering - Copying 0 resource from src\main\resources to target\classes
2023-09-19 15:37:36,648 [Worker-36: Building] INFO  o.a.m.s.f.DefaultMavenResourcesFiltering - skip non existing resourceDirectory C:\handson\spring security mock\BusTicketBookingApp\src\test\resources
2023-09-19 15:38:43,975 [Worker-38: Building] INFO  o.a.m.s.f.DefaultMavenResourcesFiltering - Copying 1 resource from src\main\resources to target\classes
2023-09-19 15:38:43,985 [Worker-38: Building] INFO  o.a.m.s.f.DefaultMavenResourcesFiltering - Copying 0 resource from src\main\resources to target\classes
2023-09-19 15:38:43,993 [Worker-38: Building] INFO  o.a.m.s.f.DefaultMavenResourcesFiltering - skip non existing resourceDirectory C:\handson\spring security mock\BusTicketBookingApp\src\test\resources
2023-09-19 15:41:27,879 [Worker-38: Building] INFO  o.a.m.s.f.DefaultMavenResourcesFiltering - Copying 1 resource from src\main\resources to target\classes
2023-09-19 15:41:27,892 [Worker-38: Building] INFO  o.a.m.s.f.DefaultMavenResourcesFiltering - Copying 0 resource from src\main\resources to target\classes
2023-09-19 15:41:27,903 [Worker-38: Building] INFO  o.a.m.s.f.DefaultMavenResourcesFiltering - skip non existing resourceDirectory C:\handson\spring security mock\BusTicketBookingApp\src\test\resources
2023-09-19 15:42:09,567 [Worker-35: Building] INFO  o.a.m.s.f.DefaultMavenResourcesFiltering - Copying 1 resource from src\main\resources to target\classes
2023-09-19 15:42:09,578 [Worker-35: Building] INFO  o.a.m.s.f.DefaultMavenResourcesFiltering - Copying 0 resource from src\main\resources to target\classes
2023-09-19 15:42:09,587 [Worker-35: Building] INFO  o.a.m.s.f.DefaultMavenResourcesFiltering - skip non existing resourceDirectory C:\handson\spring security mock\BusTicketBookingApp\src\test\resources
2023-09-19 15:55:16,235 [Worker-41: Updating Maven Project] INFO  o.e.m.c.i.p.ProjectConfigurationManager - Update started
2023-09-19 15:55:17,026 [Worker-41: Updating Maven Project] INFO  o.e.m.c.i.l.LifecycleMappingFactory - Using org.eclipse.m2e.jdt.JarLifecycleMapping lifecycle mapping for MavenProject: com.example.demo:spring-boot-security-jwt-mongodb:0.0.1-SNAPSHOT @ C:\handson\spring security mock\BusTicketBookingApp\pom.xml.
2023-09-19 15:55:18,424 [Worker-41: Updating Maven Project] INFO  o.e.m.j.i.AbstractJavaProjectConfigurator - Adding source folder /BusTicketBookingApp/src/main/java
2023-09-19 15:55:18,426 [Worker-41: Updating Maven Project] INFO  o.e.m.j.i.AbstractJavaProjectConfigurator - Adding resource folder /BusTicketBookingApp/src/main/resources
2023-09-19 15:55:18,439 [Worker-41: Updating Maven Project] INFO  o.e.m.j.i.AbstractJavaProjectConfigurator - Adding resource folder /BusTicketBookingApp/src/main/resources
2023-09-19 15:55:18,440 [Worker-41: Updating Maven Project] INFO  o.e.m.j.i.AbstractJavaProjectConfigurator - Adding source folder /BusTicketBookingApp/src/test/java
2023-09-19 15:55:19,477 [Worker-41: Updating Maven Project] INFO  o.e.m.c.i.p.ProjectConfigurationManager - Update completed: 3 sec
2023-09-19 15:55:19,874 [Worker-41: Building] INFO  o.a.m.s.f.DefaultMavenResourcesFiltering - Copying 1 resource from src\main\resources to target\classes
2023-09-19 15:55:19,906 [Worker-41: Building] INFO  o.a.m.s.f.DefaultMavenResourcesFiltering - Copying 0 resource from src\main\resources to target\classes
2023-09-19 15:55:19,914 [Worker-41: Building] INFO  o.a.m.s.f.DefaultMavenResourcesFiltering - skip non existing resourceDirectory C:\handson\spring security mock\BusTicketBookingApp\src\test\resources
2023-09-19 15:57:26,892 [Worker-43: Launching Executing clean in C__handson_spring security mock_BusTicketBookingApp] INFO  o.e.m.i.launch.MavenLaunchDelegate - C:\handson\spring security mock\BusTicketBookingApp
2023-09-19 15:57:26,903 [Worker-43: Launching Executing clean in C__handson_spring security mock_BusTicketBookingApp] INFO  o.e.m.i.launch.MavenLaunchDelegate -  mvn -B -Dstyle.color=always clean
2023-09-19 15:58:53,391 [Worker-42: Launching Executing install in C__handson_spring security mock_BusTicketBookingApp] INFO  o.e.m.i.launch.MavenLaunchDelegate - C:\handson\spring security mock\BusTicketBookingApp
2023-09-19 15:58:53,392 [Worker-42: Launching Executing install in C__handson_spring security mock_BusTicketBookingApp] INFO  o.e.m.i.launch.MavenLaunchDelegate -  mvn -B -Dstyle.color=always install
2023-09-19 15:59:20,862 [Worker-52: Building] INFO  o.a.m.s.f.DefaultMavenResourcesFiltering - Copying 1 resource from src\main\resources to target\classes
2023-09-19 15:59:20,944 [Worker-52: Building] INFO  o.a.m.s.f.DefaultMavenResourcesFiltering - Copying 0 resource from src\main\resources to target\classes
2023-09-19 15:59:20,952 [Worker-52: Building] INFO  o.a.m.s.f.DefaultMavenResourcesFiltering - skip non existing resourceDirectory C:\handson\spring security mock\BusTicketBookingApp\src\test\resources
2023-09-19 18:43:39,095 [Worker-70: Building] INFO  o.a.m.s.f.DefaultMavenResourcesFiltering - Copying 1 resource from src\main\resources to target\classes
2023-09-19 18:43:39,116 [Worker-70: Building] INFO  o.a.m.s.f.DefaultMavenResourcesFiltering - Copying 0 resource from src\main\resources to target\classes
2023-09-19 18:43:39,125 [Worker-70: Building] INFO  o.a.m.s.f.DefaultMavenResourcesFiltering - skip non existing resourceDirectory C:\handson\spring security mock\BusTicketBookingApp\src\test\resources
2023-09-19 19:31:38,480 [Worker-83: Importing Maven projects] INFO  o.e.m.c.i.l.LifecycleMappingFactory - Using org.eclipse.m2e.jdt.JarLifecycleMapping lifecycle mapping for MavenProject: com.example.demo:spring-boot-security-jwt-mongodb:0.0.1-SNAPSHOT @ C:\Users\KOTMANAS\Downloads\SECURITYASSESSEMENT\LeaveManagementApp\pom.xml.
2023-09-19 19:31:39,930 [Worker-83: Importing Maven projects] INFO  o.e.m.c.i.l.LifecycleMappingFactory - Using org.eclipse.m2e.jdt.JarLifecycleMapping lifecycle mapping for MavenProject: com.controller:HolidayParty_new:0.0.1-SNAPSHOT @ C:\Users\KOTMANAS\Downloads\SECURITYASSESSEMENT\oauth2\pom.xml.
2023-09-19 19:31:42,997 [Worker-83: Importing Maven projects] INFO  o.e.m.j.i.AbstractJavaProjectConfigurator - Adding source folder /spring-boot-security-jwt-mongodb/src/main/java
2023-09-19 19:31:42,998 [Worker-83: Importing Maven projects] INFO  o.e.m.j.i.AbstractJavaProjectConfigurator - Adding resource folder /spring-boot-security-jwt-mongodb/src/main/resources
2023-09-19 19:31:43,000 [Worker-83: Importing Maven projects] INFO  o.e.m.j.i.AbstractJavaProjectConfigurator - Adding resource folder /spring-boot-security-jwt-mongodb/src/main/resources
2023-09-19 19:31:43,001 [Worker-83: Importing Maven projects] INFO  o.e.m.j.i.AbstractJavaProjectConfigurator - Adding source folder /spring-boot-security-jwt-mongodb/src/test/java
2023-09-19 19:31:44,828 [Worker-83: Importing Maven projects] INFO  o.e.m.j.i.AbstractJavaProjectConfigurator - Adding source folder /HolidayParty_new/src/main/java
2023-09-19 19:31:44,829 [Worker-83: Importing Maven projects] INFO  o.e.m.j.i.AbstractJavaProjectConfigurator - Adding resource folder /HolidayParty_new/src/main/resources
2023-09-19 19:31:44,842 [Worker-83: Importing Maven projects] INFO  o.e.m.j.i.AbstractJavaProjectConfigurator - Adding resource folder /HolidayParty_new/src/main/resources
2023-09-19 19:31:44,843 [Worker-83: Importing Maven projects] INFO  o.e.m.j.i.AbstractJavaProjectConfigurator - Adding source folder /HolidayParty_new/src/test/java
2023-09-19 19:31:45,766 [Worker-83: Importing Maven projects] INFO  o.e.m.c.i.p.ProjectConfigurationManager - Imported and configured 2 project(s) in 8 sec
2023-09-19 19:31:46,891 [Worker-83: Building] INFO  o.e.m.c.i.embedder.EclipseLogger - Using 'UTF-8' encoding to copy filtered resources.
2023-09-19 19:31:46,892 [Worker-83: Building] INFO  o.e.m.c.i.embedder.EclipseLogger - Copying 1 resource
2023-09-19 19:31:46,913 [Worker-83: Building] INFO  o.e.m.c.i.embedder.EclipseLogger - Copying 0 resource
2023-09-19 19:31:46,920 [Worker-83: Building] INFO  o.e.m.c.i.embedder.EclipseLogger - Using 'UTF-8' encoding to copy filtered resources.
2023-09-19 19:31:46,921 [Worker-83: Building] INFO  o.e.m.c.i.embedder.EclipseLogger - skip non existing resourceDirectory C:\Users\KOTMANAS\Downloads\SECURITYASSESSEMENT\oauth2\src\test\resources
2023-09-19 19:31:48,344 [Worker-84: Building] INFO  o.a.m.s.f.DefaultMavenResourcesFiltering - Copying 1 resource from src\main\resources to target\classes
2023-09-19 19:31:48,351 [Worker-84: Building] INFO  o.a.m.s.f.DefaultMavenResourcesFiltering - Copying 0 resource from src\main\resources to target\classes
2023-09-19 19:31:48,358 [Worker-84: Building] INFO  o.a.m.s.f.DefaultMavenResourcesFiltering - skip non existing resourceDirectory C:\Users\KOTMANAS\Downloads\SECURITYASSESSEMENT\LeaveManagementApp\src\test\resources
2023-09-19 22:08:13,071 [Worker-1: Loading available Gradle versions] INFO  o.e.b.c.i.u.g.PublishedGradleVersions - Gradle version information cache is up-to-date. Trying to read.
2023-09-20 08:26:48,622 [Worker-0: Loading available Gradle versions] INFO  o.e.b.c.i.u.g.PublishedGradleVersions - Gradle version information cache is up-to-date. Trying to read.
